2014/06/10 00:03:46 [error] [exception.CException] exception 'CException' with message 'The column must be specified in the format of "Name:Type:Label", where "Type" and "Label" are optional.' in E:\xampp\htdocs\yii\framework\zii\widgets\grid\CGridView.php:412
Stack trace:
#0 E:\xampp\htdocs\yii\framework\zii\widgets\grid\CGridView.php(383): CGridView->createDataColumn('hospital->name')
#1 E:\xampp\htdocs\yii\framework\zii\widgets\grid\CGridView.php(359): CGridView->initColumns()
#2 E:\xampp\htdocs\yii\framework\web\CBaseController.php(147): CGridView->init()
#3 E:\xampp\htdocs\yii\framework\web\CBaseController.php(172): CBaseController->createWidget('zii.widgets.gri...', Array)
#4 E:\xampp\htdocs\HospitalWeb\protected\modules\manager\modules\info\views\default\admin.php(77): CBaseController->widget('zii.widgets.gri...', Array)
#5 E:\xampp\htdocs\yii\framework\web\CBaseController.php(126): require('E:\\xampp\\htdocs...')
#6 E:\xampp\htdocs\yii\framework\web\CBaseController.php(95): CBaseController->renderInternal('E:\\xampp\\htdocs...', Array, true)
#7 E:\xampp\htdocs\yii\framework\web\CController.php(869): CBaseController->renderFile('E:\\xampp\\htdocs...', Array, true)
#8 E:\xampp\htdocs\yii\framework\web\CController.php(782): CController->renderPartial('admin', Array, true)
#9 E:\xampp\htdocs\HospitalWeb\protected\modules\manager\modules\info\controllers\DefaultController.php(147): CController->render('admin', Array)
#10 E:\xampp\htdocs\yii\framework\web\actions\CInlineAction.php(49): DefaultController->actionAdmin()
#11 E:\xampp\htdocs\yii\framework\web\CController.php(308): CInlineAction->runWithParams(Array)
#12 E:\xampp\htdocs\yii\framework\web\filters\CFilterChain.php(133): CController->runAction(Object(CInlineAction))
#13 E:\xampp\htdocs\yii\framework\web\filters\CFilter.php(40): CFilterChain->run()
#14 E:\xampp\htdocs\yii\framework\web\CController.php(1145): CFilter->filter(Object(CFilterChain))
#15 E:\xampp\htdocs\yii\framework\web\filters\CInlineFilter.php(58): CController->filterAccessControl(Object(CFilterChain))
#16 E:\xampp\htdocs\yii\framework\web\filters\CFilterChain.php(130): CInlineFilter->filter(Object(CFilterChain))
#17 E:\xampp\htdocs\yii\framework\web\CController.php(291): CFilterChain->run()
#18 E:\xampp\htdocs\yii\framework\web\CController.php(265): CController->runActionWithFilters(Object(CInlineAction), Array)
#19 E:\xampp\htdocs\yii\framework\web\CWebApplication.php(282): CController->run('admin')
#20 E:\xampp\htdocs\yii\framework\web\CWebApplication.php(141): CWebApplication->runController('manager/info/de...')
#21 E:\xampp\htdocs\yii\framework\base\CApplication.php(180): CWebApplication->processRequest()
#22 E:\xampp\htdocs\HospitalWeb\index.php(13): CApplication->run()
#23 {main}
REQUEST_URI=/HospitalWeb/manager/info/default/admin
HTTP_REFERER=http://localhost/HospitalWeb/manager/info
---
2014/06/10 00:13:06 [error] [system.db.CDbCommand] CDbCommand::fetchColumn() failed: SQLSTATE[23000]: Integrity constraint violation: 1052 Column 'id' in where clause is ambiguous. The SQL statement executed was: SELECT COUNT(DISTINCT `t`.`id`) FROM `info` `t`  LEFT OUTER JOIN `hospital` `hospital` ON (`t`.`hospital_id`=`hospital`.`id`)  LEFT OUTER JOIN `user` `user` ON (`t`.`user_id`=`user`.`id`)  WHERE (id=:ycp0).
in E:\xampp\htdocs\HospitalWeb\protected\modules\manager\modules\info\views\default\admin.php (81)
in E:\xampp\htdocs\HospitalWeb\protected\modules\manager\modules\info\controllers\DefaultController.php (147)
in E:\xampp\htdocs\HospitalWeb\index.php (13)
2014/06/10 00:13:06 [error] [exception.CDbException] exception 'CDbException' with message 'CDbCommand failed to execute the SQL statement: SQLSTATE[23000]: Integrity constraint violation: 1052 Column 'id' in where clause is ambiguous. The SQL statement executed was: SELECT COUNT(DISTINCT `t`.`id`) FROM `info` `t`  LEFT OUTER JOIN `hospital` `hospital` ON (`t`.`hospital_id`=`hospital`.`id`)  LEFT OUTER JOIN `user` `user` ON (`t`.`user_id`=`user`.`id`)  WHERE (id=:ycp0)' in E:\xampp\htdocs\yii\framework\db\CDbCommand.php:543
Stack trace:
#0 E:\xampp\htdocs\yii\framework\db\CDbCommand.php(433): CDbCommand->queryInternal('fetchColumn', 0, Array)
#1 E:\xampp\htdocs\yii\framework\db\ar\CActiveFinder.php(759): CDbCommand->queryScalar()
#2 E:\xampp\htdocs\yii\framework\db\ar\CActiveFinder.php(151): CJoinElement->count(Object(CDbCriteria))
#3 E:\xampp\htdocs\yii\framework\db\ar\CActiveRecord.php(1605): CActiveFinder->count(Object(CDbCriteria))
#4 E:\xampp\htdocs\yii\framework\web\CActiveDataProvider.php(228): CActiveRecord->count(Object(CDbCriteria))
#5 E:\xampp\htdocs\yii\framework\web\CDataProvider.php(224): CActiveDataProvider->calculateTotalItemCount()
#6 E:\xampp\htdocs\yii\framework\web\CActiveDataProvider.php(178): CDataProvider->getTotalItemCount()
#7 E:\xampp\htdocs\yii\framework\web\CDataProvider.php(168): CActiveDataProvider->fetchData()
#8 E:\xampp\htdocs\yii\framework\zii\widgets\CBaseListView.php(111): CDataProvider->getData()
#9 E:\xampp\htdocs\yii\framework\zii\widgets\grid\CGridView.php(339): CBaseListView->init()
#10 E:\xampp\htdocs\yii\framework\web\CBaseController.php(147): CGridView->init()
#11 E:\xampp\htdocs\yii\framework\web\CBaseController.php(172): CBaseController->createWidget('zii.widgets.gri...', Array)
#12 E:\xampp\htdocs\HospitalWeb\protected\modules\manager\modules\info\views\default\admin.php(81): CBaseController->widget('zii.widgets.gri...', Array)
#13 E:\xampp\htdocs\yii\framework\web\CBaseController.php(126): require('E:\\xampp\\htdocs...')
#14 E:\xampp\htdocs\yii\framework\web\CBaseController.php(95): CBaseController->renderInternal('E:\\xampp\\htdocs...', Array, true)
#15 E:\xampp\htdocs\yii\framework\web\CController.php(869): CBaseController->renderFile('E:\\xampp\\htdocs...', Array, true)
#16 E:\xampp\htdocs\yii\framework\web\CController.php(782): CController->renderPartial('admin', Array, true)
#17 E:\xampp\htdocs\HospitalWeb\protected\modules\manager\modules\info\controllers\DefaultController.php(147): CController->render('admin', Array)
#18 E:\xampp\htdocs\yii\framework\web\actions\CInlineAction.php(49): DefaultController->actionAdmin()
#19 E:\xampp\htdocs\yii\framework\web\CController.php(308): CInlineAction->runWithParams(Array)
#20 E:\xampp\htdocs\yii\framework\web\filters\CFilterChain.php(133): CController->runAction(Object(CInlineAction))
#21 E:\xampp\htdocs\yii\framework\web\filters\CFilter.php(40): CFilterChain->run()
#22 E:\xampp\htdocs\yii\framework\web\CController.php(1145): CFilter->filter(Object(CFilterChain))
#23 E:\xampp\htdocs\yii\framework\web\filters\CInlineFilter.php(58): CController->filterAccessControl(Object(CFilterChain))
#24 E:\xampp\htdocs\yii\framework\web\filters\CFilterChain.php(130): CInlineFilter->filter(Object(CFilterChain))
#25 E:\xampp\htdocs\yii\framework\web\CController.php(291): CFilterChain->run()
#26 E:\xampp\htdocs\yii\framework\web\CController.php(265): CController->runActionWithFilters(Object(CInlineAction), Array)
#27 E:\xampp\htdocs\yii\framework\web\CWebApplication.php(282): CController->run('admin')
#28 E:\xampp\htdocs\yii\framework\web\CWebApplication.php(141): CWebApplication->runController('manager/info/de...')
#29 E:\xampp\htdocs\yii\framework\base\CApplication.php(180): CWebApplication->processRequest()
#30 E:\xampp\htdocs\HospitalWeb\index.php(13): CApplication->run()
#31 {main}
REQUEST_URI=/HospitalWeb/manager/info/default/admin?Info%5Bid%5D=15&Info%5Binfo_type_id%5D=&Info%5Buser_id%5D=&Info%5Bappointment_date%5D=&Info%5Bappointment_status%5D=&Info%5Btitle%5D=&Info%5Bcontent%5D=&Info%5Bdate_create%5D=&Info%5Bdate_update%5D=&Info%5Baccess_level_id%5D=&yt0=Search
HTTP_REFERER=http://localhost/HospitalWeb/manager/info/default/admin
---
2014/06/10 19:49:27 [error] [php] Cannot modify header information - headers already sent by (output started at E:\xampp\htdocs\HospitalWeb\protected\models\Info.php:249) (E:\xampp\htdocs\HospitalWeb\protected\controllers\api\Response.php:135)
Stack trace:
#0 E:\xampp\htdocs\HospitalWeb\protected\controllers\api\InfoController.php(166): Success()
#1 E:\xampp\htdocs\yii\framework\web\actions\CInlineAction.php(49): InfoController->actionView()
#2 E:\xampp\htdocs\yii\framework\web\CController.php(308): CInlineAction->runWithParams()
#3 E:\xampp\htdocs\yii\framework\web\CController.php(286): InfoController->runAction()
#4 E:\xampp\htdocs\yii\framework\web\CController.php(265): InfoController->runActionWithFilters()
#5 E:\xampp\htdocs\yii\framework\web\CWebApplication.php(282): InfoController->run()
#6 E:\xampp\htdocs\yii\framework\web\CWebApplication.php(141): CWebApplication->runController()
#7 E:\xampp\htdocs\yii\framework\base\CApplication.php(180): CWebApplication->processRequest()
#8 E:\xampp\htdocs\HospitalWeb\index.php(13): CWebApplication->run()
REQUEST_URI=/HospitalWeb/api/info/view?id=15
in E:\xampp\htdocs\HospitalWeb\protected\controllers\api\Response.php (135)
in E:\xampp\htdocs\HospitalWeb\protected\controllers\api\Response.php (59)
in E:\xampp\htdocs\HospitalWeb\protected\controllers\api\InfoController.php (166)
2014/06/10 19:51:32 [error] [php] Cannot modify header information - headers already sent by (output started at E:\xampp\htdocs\HospitalWeb\protected\models\Info.php:250) (E:\xampp\htdocs\HospitalWeb\protected\controllers\api\Response.php:135)
Stack trace:
#0 E:\xampp\htdocs\HospitalWeb\protected\controllers\api\InfoController.php(166): Success()
#1 E:\xampp\htdocs\yii\framework\web\actions\CInlineAction.php(49): InfoController->actionView()
#2 E:\xampp\htdocs\yii\framework\web\CController.php(308): CInlineAction->runWithParams()
#3 E:\xampp\htdocs\yii\framework\web\CController.php(286): InfoController->runAction()
#4 E:\xampp\htdocs\yii\framework\web\CController.php(265): InfoController->runActionWithFilters()
#5 E:\xampp\htdocs\yii\framework\web\CWebApplication.php(282): InfoController->run()
#6 E:\xampp\htdocs\yii\framework\web\CWebApplication.php(141): CWebApplication->runController()
#7 E:\xampp\htdocs\yii\framework\base\CApplication.php(180): CWebApplication->processRequest()
#8 E:\xampp\htdocs\HospitalWeb\index.php(13): CWebApplication->run()
REQUEST_URI=/HospitalWeb/api/info/view?id=15
in E:\xampp\htdocs\HospitalWeb\protected\controllers\api\Response.php (135)
in E:\xampp\htdocs\HospitalWeb\protected\controllers\api\Response.php (59)
in E:\xampp\htdocs\HospitalWeb\protected\controllers\api\InfoController.php (166)
2014/06/10 19:55:18 [error] [exception.CException] exception 'CException' with message 'Property "Info.userName" is read only.' in E:\xampp\htdocs\yii\framework\base\CComponent.php:170
Stack trace:
#0 E:\xampp\htdocs\yii\framework\db\ar\CActiveRecord.php(161): CComponent->__set('userName', 'hospital1@gmail...')
#1 E:\xampp\htdocs\HospitalWeb\protected\models\Info.php(257): CActiveRecord->__set('userName', 'hospital1@gmail...')
#2 E:\xampp\htdocs\yii\framework\db\ar\CActiveRecord.php(1052): Info->afterFind()
#3 E:\xampp\htdocs\yii\framework\db\ar\CActiveFinder.php(769): CActiveRecord->afterFindInternal()
#4 E:\xampp\htdocs\yii\framework\db\ar\CActiveFinder.php(69): CJoinElement->afterFind()
#5 E:\xampp\htdocs\yii\framework\db\ar\CActiveRecord.php(1356): CActiveFinder->query(Object(CDbCriteria), false)
#6 E:\xampp\htdocs\yii\framework\db\ar\CActiveRecord.php(1486): CActiveRecord->query(Object(CDbCriteria))
#7 E:\xampp\htdocs\HospitalWeb\protected\controllers\api\InfoController.php(160): CActiveRecord->findByPk('15', Object(CDbCriteria))
#8 E:\xampp\htdocs\yii\framework\web\actions\CInlineAction.php(49): InfoController->actionView()
#9 E:\xampp\htdocs\yii\framework\web\CController.php(308): CInlineAction->runWithParams(Array)
#10 E:\xampp\htdocs\yii\framework\web\CController.php(286): CController->runAction(Object(CInlineAction))
#11 E:\xampp\htdocs\yii\framework\web\CController.php(265): CController->runActionWithFilters(Object(CInlineAction), Array)
#12 E:\xampp\htdocs\yii\framework\web\CWebApplication.php(282): CController->run('view')
#13 E:\xampp\htdocs\yii\framework\web\CWebApplication.php(141): CWebApplication->runController('api/info/view')
#14 E:\xampp\htdocs\yii\framework\base\CApplication.php(180): CWebApplication->processRequest()
#15 E:\xampp\htdocs\HospitalWeb\index.php(13): CApplication->run()
#16 {main}
REQUEST_URI=/HospitalWeb/api/info/view?id=15
---
2014/06/10 19:56:44 [error] [exception.CException] exception 'CException' with message 'Property "Info.userName" is not defined.' in E:\xampp\htdocs\yii\framework\base\CComponent.php:173
Stack trace:
#0 E:\xampp\htdocs\yii\framework\db\ar\CActiveRecord.php(161): CComponent->__set('userName', 'hospital1@gmail...')
#1 E:\xampp\htdocs\HospitalWeb\protected\models\Info.php(257): CActiveRecord->__set('userName', 'hospital1@gmail...')
#2 E:\xampp\htdocs\yii\framework\db\ar\CActiveRecord.php(1052): Info->afterFind()
#3 E:\xampp\htdocs\yii\framework\db\ar\CActiveFinder.php(769): CActiveRecord->afterFindInternal()
#4 E:\xampp\htdocs\yii\framework\db\ar\CActiveFinder.php(69): CJoinElement->afterFind()
#5 E:\xampp\htdocs\yii\framework\db\ar\CActiveRecord.php(1356): CActiveFinder->query(Object(CDbCriteria), false)
#6 E:\xampp\htdocs\yii\framework\db\ar\CActiveRecord.php(1486): CActiveRecord->query(Object(CDbCriteria))
#7 E:\xampp\htdocs\HospitalWeb\protected\controllers\api\InfoController.php(160): CActiveRecord->findByPk('15', Object(CDbCriteria))
#8 E:\xampp\htdocs\yii\framework\web\actions\CInlineAction.php(49): InfoController->actionView()
#9 E:\xampp\htdocs\yii\framework\web\CController.php(308): CInlineAction->runWithParams(Array)
#10 E:\xampp\htdocs\yii\framework\web\CController.php(286): CController->runAction(Object(CInlineAction))
#11 E:\xampp\htdocs\yii\framework\web\CController.php(265): CController->runActionWithFilters(Object(CInlineAction), Array)
#12 E:\xampp\htdocs\yii\framework\web\CWebApplication.php(282): CController->run('view')
#13 E:\xampp\htdocs\yii\framework\web\CWebApplication.php(141): CWebApplication->runController('api/info/view')
#14 E:\xampp\htdocs\yii\framework\base\CApplication.php(180): CWebApplication->processRequest()
#15 E:\xampp\htdocs\HospitalWeb\index.php(13): CApplication->run()
#16 {main}
REQUEST_URI=/HospitalWeb/api/info/view?id=15
---
2014/06/10 20:21:18 [error] [system.db.CDbCommand] CDbCommand::fetchAll() failed: SQLSTATE[42S22]: Column not found: 1054 Unknown column 't.hospital_id' in 'where clause'. The SQL statement executed was: SELECT * FROM `info_comment` `t` WHERE t.hospital_id=:hospital_id.
in E:\xampp\htdocs\HospitalWeb\protected\controllers\api\InfoCommentController.php (46)
in E:\xampp\htdocs\HospitalWeb\index.php (13)
2014/06/10 20:21:18 [error] [exception.CDbException] exception 'CDbException' with message 'CDbCommand failed to execute the SQL statement: SQLSTATE[42S22]: Column not found: 1054 Unknown column 't.hospital_id' in 'where clause'. The SQL statement executed was: SELECT * FROM `info_comment` `t` WHERE t.hospital_id=:hospital_id' in E:\xampp\htdocs\yii\framework\db\CDbCommand.php:543
Stack trace:
#0 E:\xampp\htdocs\yii\framework\db\CDbCommand.php(396): CDbCommand->queryInternal('fetchAll', Array, Array)
#1 E:\xampp\htdocs\yii\framework\db\ar\CActiveRecord.php(1351): CDbCommand->queryAll()
#2 E:\xampp\htdocs\yii\framework\db\ar\CActiveRecord.php(1470): CActiveRecord->query(Object(CDbCriteria), true)
#3 E:\xampp\htdocs\HospitalWeb\protected\controllers\api\InfoCommentController.php(46): CActiveRecord->findAll(Object(CDbCriteria))
#4 E:\xampp\htdocs\yii\framework\web\actions\CInlineAction.php(49): InfoCommentController->actionGetAll()
#5 E:\xampp\htdocs\yii\framework\web\CController.php(308): CInlineAction->runWithParams(Array)
#6 E:\xampp\htdocs\yii\framework\web\CController.php(286): CController->runAction(Object(CInlineAction))
#7 E:\xampp\htdocs\yii\framework\web\CController.php(265): CController->runActionWithFilters(Object(CInlineAction), Array)
#8 E:\xampp\htdocs\yii\framework\web\CWebApplication.php(282): CController->run('getall')
#9 E:\xampp\htdocs\yii\framework\web\CWebApplication.php(141): CWebApplication->runController('api/infocomment...')
#10 E:\xampp\htdocs\yii\framework\base\CApplication.php(180): CWebApplication->processRequest()
#11 E:\xampp\htdocs\HospitalWeb\index.php(13): CApplication->run()
#12 {main}
REQUEST_URI=/HospitalWeb/api/infocomment/getall?hospital_id=1
---
2014/06/10 20:22:30 [error] [exception.CHttpException.404] exception 'CHttpException' with message 'The system is unable to find the requested action "getbyinfo".' in E:\xampp\htdocs\yii\framework\web\CController.php:483
Stack trace:
#0 E:\xampp\htdocs\yii\framework\web\CController.php(270): CController->missingAction('getbyinfo')
#1 E:\xampp\htdocs\yii\framework\web\CWebApplication.php(282): CController->run('getbyinfo')
#2 E:\xampp\htdocs\yii\framework\web\CWebApplication.php(141): CWebApplication->runController('api/infocomment...')
#3 E:\xampp\htdocs\yii\framework\base\CApplication.php(180): CWebApplication->processRequest()
#4 E:\xampp\htdocs\HospitalWeb\index.php(13): CApplication->run()
#5 {main}
REQUEST_URI=/HospitalWeb/api/infocomment/getbyinfo?info_id=15
---
2014/06/10 20:27:16 [error] [exception.CDbException] exception 'CDbException' with message 'Relation "user, info" is not defined in active record class "InfoComment".' in E:\xampp\htdocs\yii\framework\db\ar\CActiveFinder.php:226
Stack trace:
#0 E:\xampp\htdocs\yii\framework\db\ar\CActiveFinder.php(48): CActiveFinder->buildJoinTree(Object(CJoinElement), 'user, info')
#1 E:\xampp\htdocs\yii\framework\db\ar\CActiveRecord.php(909): CActiveFinder->__construct(Object(InfoComment), 'user, info')
#2 E:\xampp\htdocs\yii\framework\db\ar\CActiveRecord.php(1355): CActiveRecord->getActiveFinder('user, info')
#3 E:\xampp\htdocs\yii\framework\db\ar\CActiveRecord.php(1470): CActiveRecord->query(Object(CDbCriteria), true)
#4 E:\xampp\htdocs\HospitalWeb\protected\controllers\api\InfoCommentController.php(91): CActiveRecord->findAll(Object(CDbCriteria))
#5 E:\xampp\htdocs\yii\framework\web\actions\CInlineAction.php(49): InfoCommentController->actionGetByInfo()
#6 E:\xampp\htdocs\yii\framework\web\CController.php(308): CInlineAction->runWithParams(Array)
#7 E:\xampp\htdocs\yii\framework\web\CController.php(286): CController->runAction(Object(CInlineAction))
#8 E:\xampp\htdocs\yii\framework\web\CController.php(265): CController->runActionWithFilters(Object(CInlineAction), Array)
#9 E:\xampp\htdocs\yii\framework\web\CWebApplication.php(282): CController->run('getbyinfo')
#10 E:\xampp\htdocs\yii\framework\web\CWebApplication.php(141): CWebApplication->runController('api/infocomment...')
#11 E:\xampp\htdocs\yii\framework\base\CApplication.php(180): CWebApplication->processRequest()
#12 E:\xampp\htdocs\HospitalWeb\index.php(13): CApplication->run()
#13 {main}
REQUEST_URI=/HospitalWeb/api/infocomment/getbyinfo?info_id=15
---
2014/06/10 20:51:06 [error] [exception.CException] exception 'CException' with message 'Property "Info.userName" is not defined.' in E:\xampp\htdocs\yii\framework\base\CComponent.php:130
Stack trace:
#0 E:\xampp\htdocs\yii\framework\db\ar\CActiveRecord.php(145): CComponent->__get('userName')
#1 E:\xampp\htdocs\yii\framework\base\CComponent.php(612) : eval()'d code(1): CActiveRecord->__get('userName')
#2 E:\xampp\htdocs\yii\framework\base\CComponent.php(612): eval()
#3 E:\xampp\htdocs\yii\framework\zii\widgets\grid\CDataColumn.php(137): CComponent->evaluateExpression('$data->userName', Array)
#4 E:\xampp\htdocs\yii\framework\zii\widgets\grid\CGridColumn.php(151): CDataColumn->renderDataCellContent(0, Object(Info))
#5 E:\xampp\htdocs\yii\framework\zii\widgets\grid\CGridView.php(616): CGridColumn->renderDataCell(0)
#6 E:\xampp\htdocs\yii\framework\zii\widgets\grid\CGridView.php(572): CGridView->renderTableRow(0)
#7 E:\xampp\htdocs\yii\framework\zii\widgets\grid\CGridView.php(482): CGridView->renderTableBody()
#8 E:\xampp\htdocs\yii\framework\zii\widgets\CBaseListView.php(167): CGridView->renderItems()
#9 [internal function]: CBaseListView->renderSection(Array)
#10 E:\xampp\htdocs\yii\framework\zii\widgets\CBaseListView.php(150): preg_replace_callback('/{(\\w+)}/', Array, '{summary}\n{item...')
#11 E:\xampp\htdocs\yii\framework\zii\widgets\CBaseListView.php(135): CBaseListView->renderContent()
#12 E:\xampp\htdocs\yii\framework\web\CBaseController.php(173): CBaseListView->run()
#13 E:\xampp\htdocs\HospitalWeb\protected\modules\manager\modules\info\views\default\index.php(38): CBaseController->widget('zii.widgets.gri...', Array)
#14 E:\xampp\htdocs\yii\framework\web\CBaseController.php(126): require('E:\\xampp\\htdocs...')
#15 E:\xampp\htdocs\yii\framework\web\CBaseController.php(95): CBaseController->renderInternal('E:\\xampp\\htdocs...', Array, true)
#16 E:\xampp\htdocs\yii\framework\web\CController.php(869): CBaseController->renderFile('E:\\xampp\\htdocs...', Array, true)
#17 E:\xampp\htdocs\yii\framework\web\CController.php(782): CController->renderPartial('index', Array, true)
#18 E:\xampp\htdocs\HospitalWeb\protected\modules\manager\modules\info\controllers\DefaultController.php(132): CController->render('index', Array)
#19 E:\xampp\htdocs\yii\framework\web\actions\CInlineAction.php(49): DefaultController->actionIndex()
#20 E:\xampp\htdocs\yii\framework\web\CController.php(308): CInlineAction->runWithParams(Array)
#21 E:\xampp\htdocs\yii\framework\web\filters\CFilterChain.php(133): CController->runAction(Object(CInlineAction))
#22 E:\xampp\htdocs\yii\framework\web\filters\CFilter.php(40): CFilterChain->run()
#23 E:\xampp\htdocs\yii\framework\web\CController.php(1145): CFilter->filter(Object(CFilterChain))
#24 E:\xampp\htdocs\yii\framework\web\filters\CInlineFilter.php(58): CController->filterAccessControl(Object(CFilterChain))
#25 E:\xampp\htdocs\yii\framework\web\filters\CFilterChain.php(130): CInlineFilter->filter(Object(CFilterChain))
#26 E:\xampp\htdocs\yii\framework\web\CController.php(291): CFilterChain->run()
#27 E:\xampp\htdocs\yii\framework\web\CController.php(265): CController->runActionWithFilters(Object(CInlineAction), Array)
#28 E:\xampp\htdocs\yii\framework\web\CWebApplication.php(282): CController->run('')
#29 E:\xampp\htdocs\yii\framework\web\CWebApplication.php(141): CWebApplication->runController('manager/info')
#30 E:\xampp\htdocs\yii\framework\base\CApplication.php(180): CWebApplication->processRequest()
#31 E:\xampp\htdocs\HospitalWeb\index.php(13): CApplication->run()
#32 {main}
REQUEST_URI=/HospitalWeb/manager/info
---
2014/06/10 20:52:09 [error] [exception.CException] exception 'CException' with message 'Property "Info.infoUuserName" is not defined.' in E:\xampp\htdocs\yii\framework\base\CComponent.php:130
Stack trace:
#0 E:\xampp\htdocs\yii\framework\db\ar\CActiveRecord.php(145): CComponent->__get('infoUuserName')
#1 E:\xampp\htdocs\yii\framework\base\CComponent.php(612) : eval()'d code(1): CActiveRecord->__get('infoUuserName')
#2 E:\xampp\htdocs\yii\framework\base\CComponent.php(612): eval()
#3 E:\xampp\htdocs\yii\framework\zii\widgets\grid\CDataColumn.php(137): CComponent->evaluateExpression('$data->infoUuse...', Array)
#4 E:\xampp\htdocs\yii\framework\zii\widgets\grid\CGridColumn.php(151): CDataColumn->renderDataCellContent(0, Object(Info))
#5 E:\xampp\htdocs\yii\framework\zii\widgets\grid\CGridView.php(616): CGridColumn->renderDataCell(0)
#6 E:\xampp\htdocs\yii\framework\zii\widgets\grid\CGridView.php(572): CGridView->renderTableRow(0)
#7 E:\xampp\htdocs\yii\framework\zii\widgets\grid\CGridView.php(482): CGridView->renderTableBody()
#8 E:\xampp\htdocs\yii\framework\zii\widgets\CBaseListView.php(167): CGridView->renderItems()
#9 [internal function]: CBaseListView->renderSection(Array)
#10 E:\xampp\htdocs\yii\framework\zii\widgets\CBaseListView.php(150): preg_replace_callback('/{(\\w+)}/', Array, '{summary}\n{item...')
#11 E:\xampp\htdocs\yii\framework\zii\widgets\CBaseListView.php(135): CBaseListView->renderContent()
#12 E:\xampp\htdocs\yii\framework\web\CBaseController.php(173): CBaseListView->run()
#13 E:\xampp\htdocs\HospitalWeb\protected\modules\manager\modules\info\views\default\index.php(38): CBaseController->widget('zii.widgets.gri...', Array)
#14 E:\xampp\htdocs\yii\framework\web\CBaseController.php(126): require('E:\\xampp\\htdocs...')
#15 E:\xampp\htdocs\yii\framework\web\CBaseController.php(95): CBaseController->renderInternal('E:\\xampp\\htdocs...', Array, true)
#16 E:\xampp\htdocs\yii\framework\web\CController.php(869): CBaseController->renderFile('E:\\xampp\\htdocs...', Array, true)
#17 E:\xampp\htdocs\yii\framework\web\CController.php(782): CController->renderPartial('index', Array, true)
#18 E:\xampp\htdocs\HospitalWeb\protected\modules\manager\modules\info\controllers\DefaultController.php(132): CController->render('index', Array)
#19 E:\xampp\htdocs\yii\framework\web\actions\CInlineAction.php(49): DefaultController->actionIndex()
#20 E:\xampp\htdocs\yii\framework\web\CController.php(308): CInlineAction->runWithParams(Array)
#21 E:\xampp\htdocs\yii\framework\web\filters\CFilterChain.php(133): CController->runAction(Object(CInlineAction))
#22 E:\xampp\htdocs\yii\framework\web\filters\CFilter.php(40): CFilterChain->run()
#23 E:\xampp\htdocs\yii\framework\web\CController.php(1145): CFilter->filter(Object(CFilterChain))
#24 E:\xampp\htdocs\yii\framework\web\filters\CInlineFilter.php(58): CController->filterAccessControl(Object(CFilterChain))
#25 E:\xampp\htdocs\yii\framework\web\filters\CFilterChain.php(130): CInlineFilter->filter(Object(CFilterChain))
#26 E:\xampp\htdocs\yii\framework\web\CController.php(291): CFilterChain->run()
#27 E:\xampp\htdocs\yii\framework\web\CController.php(265): CController->runActionWithFilters(Object(CInlineAction), Array)
#28 E:\xampp\htdocs\yii\framework\web\CWebApplication.php(282): CController->run('')
#29 E:\xampp\htdocs\yii\framework\web\CWebApplication.php(141): CWebApplication->runController('manager/info')
#30 E:\xampp\htdocs\yii\framework\base\CApplication.php(180): CWebApplication->processRequest()
#31 E:\xampp\htdocs\HospitalWeb\index.php(13): CApplication->run()
#32 {main}
REQUEST_URI=/HospitalWeb/manager/info
---
2014/06/10 20:52:10 [error] [exception.CException] exception 'CException' with message 'Property "Info.infoUuserName" is not defined.' in E:\xampp\htdocs\yii\framework\base\CComponent.php:130
Stack trace:
#0 E:\xampp\htdocs\yii\framework\db\ar\CActiveRecord.php(145): CComponent->__get('infoUuserName')
#1 E:\xampp\htdocs\yii\framework\base\CComponent.php(612) : eval()'d code(1): CActiveRecord->__get('infoUuserName')
#2 E:\xampp\htdocs\yii\framework\base\CComponent.php(612): eval()
#3 E:\xampp\htdocs\yii\framework\zii\widgets\grid\CDataColumn.php(137): CComponent->evaluateExpression('$data->infoUuse...', Array)
#4 E:\xampp\htdocs\yii\framework\zii\widgets\grid\CGridColumn.php(151): CDataColumn->renderDataCellContent(0, Object(Info))
#5 E:\xampp\htdocs\yii\framework\zii\widgets\grid\CGridView.php(616): CGridColumn->renderDataCell(0)
#6 E:\xampp\htdocs\yii\framework\zii\widgets\grid\CGridView.php(572): CGridView->renderTableRow(0)
#7 E:\xampp\htdocs\yii\framework\zii\widgets\grid\CGridView.php(482): CGridView->renderTableBody()
#8 E:\xampp\htdocs\yii\framework\zii\widgets\CBaseListView.php(167): CGridView->renderItems()
#9 [internal function]: CBaseListView->renderSection(Array)
#10 E:\xampp\htdocs\yii\framework\zii\widgets\CBaseListView.php(150): preg_replace_callback('/{(\\w+)}/', Array, '{summary}\n{item...')
#11 E:\xampp\htdocs\yii\framework\zii\widgets\CBaseListView.php(135): CBaseListView->renderContent()
#12 E:\xampp\htdocs\yii\framework\web\CBaseController.php(173): CBaseListView->run()
#13 E:\xampp\htdocs\HospitalWeb\protected\modules\manager\modules\info\views\default\index.php(38): CBaseController->widget('zii.widgets.gri...', Array)
#14 E:\xampp\htdocs\yii\framework\web\CBaseController.php(126): require('E:\\xampp\\htdocs...')
#15 E:\xampp\htdocs\yii\framework\web\CBaseController.php(95): CBaseController->renderInternal('E:\\xampp\\htdocs...', Array, true)
#16 E:\xampp\htdocs\yii\framework\web\CController.php(869): CBaseController->renderFile('E:\\xampp\\htdocs...', Array, true)
#17 E:\xampp\htdocs\yii\framework\web\CController.php(782): CController->renderPartial('index', Array, true)
#18 E:\xampp\htdocs\HospitalWeb\protected\modules\manager\modules\info\controllers\DefaultController.php(132): CController->render('index', Array)
#19 E:\xampp\htdocs\yii\framework\web\actions\CInlineAction.php(49): DefaultController->actionIndex()
#20 E:\xampp\htdocs\yii\framework\web\CController.php(308): CInlineAction->runWithParams(Array)
#21 E:\xampp\htdocs\yii\framework\web\filters\CFilterChain.php(133): CController->runAction(Object(CInlineAction))
#22 E:\xampp\htdocs\yii\framework\web\filters\CFilter.php(40): CFilterChain->run()
#23 E:\xampp\htdocs\yii\framework\web\CController.php(1145): CFilter->filter(Object(CFilterChain))
#24 E:\xampp\htdocs\yii\framework\web\filters\CInlineFilter.php(58): CController->filterAccessControl(Object(CFilterChain))
#25 E:\xampp\htdocs\yii\framework\web\filters\CFilterChain.php(130): CInlineFilter->filter(Object(CFilterChain))
#26 E:\xampp\htdocs\yii\framework\web\CController.php(291): CFilterChain->run()
#27 E:\xampp\htdocs\yii\framework\web\CController.php(265): CController->runActionWithFilters(Object(CInlineAction), Array)
#28 E:\xampp\htdocs\yii\framework\web\CWebApplication.php(282): CController->run('')
#29 E:\xampp\htdocs\yii\framework\web\CWebApplication.php(141): CWebApplication->runController('manager/info')
#30 E:\xampp\htdocs\yii\framework\base\CApplication.php(180): CWebApplication->processRequest()
#31 E:\xampp\htdocs\HospitalWeb\index.php(13): CApplication->run()
#32 {main}
REQUEST_URI=/HospitalWeb/manager/info
---
2014/06/10 20:52:10 [error] [exception.CException] exception 'CException' with message 'Property "Info.infoUuserName" is not defined.' in E:\xampp\htdocs\yii\framework\base\CComponent.php:130
Stack trace:
#0 E:\xampp\htdocs\yii\framework\db\ar\CActiveRecord.php(145): CComponent->__get('infoUuserName')
#1 E:\xampp\htdocs\yii\framework\base\CComponent.php(612) : eval()'d code(1): CActiveRecord->__get('infoUuserName')
#2 E:\xampp\htdocs\yii\framework\base\CComponent.php(612): eval()
#3 E:\xampp\htdocs\yii\framework\zii\widgets\grid\CDataColumn.php(137): CComponent->evaluateExpression('$data->infoUuse...', Array)
#4 E:\xampp\htdocs\yii\framework\zii\widgets\grid\CGridColumn.php(151): CDataColumn->renderDataCellContent(0, Object(Info))
#5 E:\xampp\htdocs\yii\framework\zii\widgets\grid\CGridView.php(616): CGridColumn->renderDataCell(0)
#6 E:\xampp\htdocs\yii\framework\zii\widgets\grid\CGridView.php(572): CGridView->renderTableRow(0)
#7 E:\xampp\htdocs\yii\framework\zii\widgets\grid\CGridView.php(482): CGridView->renderTableBody()
#8 E:\xampp\htdocs\yii\framework\zii\widgets\CBaseListView.php(167): CGridView->renderItems()
#9 [internal function]: CBaseListView->renderSection(Array)
#10 E:\xampp\htdocs\yii\framework\zii\widgets\CBaseListView.php(150): preg_replace_callback('/{(\\w+)}/', Array, '{summary}\n{item...')
#11 E:\xampp\htdocs\yii\framework\zii\widgets\CBaseListView.php(135): CBaseListView->renderContent()
#12 E:\xampp\htdocs\yii\framework\web\CBaseController.php(173): CBaseListView->run()
#13 E:\xampp\htdocs\HospitalWeb\protected\modules\manager\modules\info\views\default\index.php(38): CBaseController->widget('zii.widgets.gri...', Array)
#14 E:\xampp\htdocs\yii\framework\web\CBaseController.php(126): require('E:\\xampp\\htdocs...')
#15 E:\xampp\htdocs\yii\framework\web\CBaseController.php(95): CBaseController->renderInternal('E:\\xampp\\htdocs...', Array, true)
#16 E:\xampp\htdocs\yii\framework\web\CController.php(869): CBaseController->renderFile('E:\\xampp\\htdocs...', Array, true)
#17 E:\xampp\htdocs\yii\framework\web\CController.php(782): CController->renderPartial('index', Array, true)
#18 E:\xampp\htdocs\HospitalWeb\protected\modules\manager\modules\info\controllers\DefaultController.php(132): CController->render('index', Array)
#19 E:\xampp\htdocs\yii\framework\web\actions\CInlineAction.php(49): DefaultController->actionIndex()
#20 E:\xampp\htdocs\yii\framework\web\CController.php(308): CInlineAction->runWithParams(Array)
#21 E:\xampp\htdocs\yii\framework\web\filters\CFilterChain.php(133): CController->runAction(Object(CInlineAction))
#22 E:\xampp\htdocs\yii\framework\web\filters\CFilter.php(40): CFilterChain->run()
#23 E:\xampp\htdocs\yii\framework\web\CController.php(1145): CFilter->filter(Object(CFilterChain))
#24 E:\xampp\htdocs\yii\framework\web\filters\CInlineFilter.php(58): CController->filterAccessControl(Object(CFilterChain))
#25 E:\xampp\htdocs\yii\framework\web\filters\CFilterChain.php(130): CInlineFilter->filter(Object(CFilterChain))
#26 E:\xampp\htdocs\yii\framework\web\CController.php(291): CFilterChain->run()
#27 E:\xampp\htdocs\yii\framework\web\CController.php(265): CController->runActionWithFilters(Object(CInlineAction), Array)
#28 E:\xampp\htdocs\yii\framework\web\CWebApplication.php(282): CController->run('')
#29 E:\xampp\htdocs\yii\framework\web\CWebApplication.php(141): CWebApplication->runController('manager/info')
#30 E:\xampp\htdocs\yii\framework\base\CApplication.php(180): CWebApplication->processRequest()
#31 E:\xampp\htdocs\HospitalWeb\index.php(13): CApplication->run()
#32 {main}
REQUEST_URI=/HospitalWeb/manager/info
---
2014/06/10 20:52:10 [error] [exception.CException] exception 'CException' with message 'Property "Info.infoUuserName" is not defined.' in E:\xampp\htdocs\yii\framework\base\CComponent.php:130
Stack trace:
#0 E:\xampp\htdocs\yii\framework\db\ar\CActiveRecord.php(145): CComponent->__get('infoUuserName')
#1 E:\xampp\htdocs\yii\framework\base\CComponent.php(612) : eval()'d code(1): CActiveRecord->__get('infoUuserName')
#2 E:\xampp\htdocs\yii\framework\base\CComponent.php(612): eval()
#3 E:\xampp\htdocs\yii\framework\zii\widgets\grid\CDataColumn.php(137): CComponent->evaluateExpression('$data->infoUuse...', Array)
#4 E:\xampp\htdocs\yii\framework\zii\widgets\grid\CGridColumn.php(151): CDataColumn->renderDataCellContent(0, Object(Info))
#5 E:\xampp\htdocs\yii\framework\zii\widgets\grid\CGridView.php(616): CGridColumn->renderDataCell(0)
#6 E:\xampp\htdocs\yii\framework\zii\widgets\grid\CGridView.php(572): CGridView->renderTableRow(0)
#7 E:\xampp\htdocs\yii\framework\zii\widgets\grid\CGridView.php(482): CGridView->renderTableBody()
#8 E:\xampp\htdocs\yii\framework\zii\widgets\CBaseListView.php(167): CGridView->renderItems()
#9 [internal function]: CBaseListView->renderSection(Array)
#10 E:\xampp\htdocs\yii\framework\zii\widgets\CBaseListView.php(150): preg_replace_callback('/{(\\w+)}/', Array, '{summary}\n{item...')
#11 E:\xampp\htdocs\yii\framework\zii\widgets\CBaseListView.php(135): CBaseListView->renderContent()
#12 E:\xampp\htdocs\yii\framework\web\CBaseController.php(173): CBaseListView->run()
#13 E:\xampp\htdocs\HospitalWeb\protected\modules\manager\modules\info\views\default\index.php(38): CBaseController->widget('zii.widgets.gri...', Array)
#14 E:\xampp\htdocs\yii\framework\web\CBaseController.php(126): require('E:\\xampp\\htdocs...')
#15 E:\xampp\htdocs\yii\framework\web\CBaseController.php(95): CBaseController->renderInternal('E:\\xampp\\htdocs...', Array, true)
#16 E:\xampp\htdocs\yii\framework\web\CController.php(869): CBaseController->renderFile('E:\\xampp\\htdocs...', Array, true)
#17 E:\xampp\htdocs\yii\framework\web\CController.php(782): CController->renderPartial('index', Array, true)
#18 E:\xampp\htdocs\HospitalWeb\protected\modules\manager\modules\info\controllers\DefaultController.php(132): CController->render('index', Array)
#19 E:\xampp\htdocs\yii\framework\web\actions\CInlineAction.php(49): DefaultController->actionIndex()
#20 E:\xampp\htdocs\yii\framework\web\CController.php(308): CInlineAction->runWithParams(Array)
#21 E:\xampp\htdocs\yii\framework\web\filters\CFilterChain.php(133): CController->runAction(Object(CInlineAction))
#22 E:\xampp\htdocs\yii\framework\web\filters\CFilter.php(40): CFilterChain->run()
#23 E:\xampp\htdocs\yii\framework\web\CController.php(1145): CFilter->filter(Object(CFilterChain))
#24 E:\xampp\htdocs\yii\framework\web\filters\CInlineFilter.php(58): CController->filterAccessControl(Object(CFilterChain))
#25 E:\xampp\htdocs\yii\framework\web\filters\CFilterChain.php(130): CInlineFilter->filter(Object(CFilterChain))
#26 E:\xampp\htdocs\yii\framework\web\CController.php(291): CFilterChain->run()
#27 E:\xampp\htdocs\yii\framework\web\CController.php(265): CController->runActionWithFilters(Object(CInlineAction), Array)
#28 E:\xampp\htdocs\yii\framework\web\CWebApplication.php(282): CController->run('')
#29 E:\xampp\htdocs\yii\framework\web\CWebApplication.php(141): CWebApplication->runController('manager/info')
#30 E:\xampp\htdocs\yii\framework\base\CApplication.php(180): CWebApplication->processRequest()
#31 E:\xampp\htdocs\HospitalWeb\index.php(13): CApplication->run()
#32 {main}
REQUEST_URI=/HospitalWeb/manager/info
---
2014/06/10 21:05:08 [warning] [application] Failed to set unsafe attribute "appointment_date" of "Info".
in E:\xampp\htdocs\HospitalWeb\protected\modules\manager\modules\info\controllers\DefaultController.php (71)
in E:\xampp\htdocs\HospitalWeb\index.php (13)
2014/06/10 21:38:31 [warning] [application] Failed to set unsafe attribute "appointment_date" of "Info".
in E:\xampp\htdocs\HospitalWeb\protected\modules\manager\modules\info\controllers\DefaultController.php (71)
in E:\xampp\htdocs\HospitalWeb\index.php (13)
2014/06/11 11:50:52 [error] [exception.CHttpException.404] exception 'CHttpException' with message 'The system is unable to find the requested action "getbytype?hospital_id=1&info_type_id=3&order=date_create desc".' in /Applications/XAMPP/xamppfiles/htdocs/yii/framework/web/CController.php:483
Stack trace:
#0 /Applications/XAMPP/xamppfiles/htdocs/yii/framework/web/CController.php(270): CController->missingAction('getbytype?hospi...')
#1 /Applications/XAMPP/xamppfiles/htdocs/yii/framework/web/CWebApplication.php(282): CController->run('getbytype?hospi...')
#2 /Applications/XAMPP/xamppfiles/htdocs/yii/framework/web/CWebApplication.php(141): CWebApplication->runController('api/info/getbyt...')
#3 /Applications/XAMPP/xamppfiles/htdocs/yii/framework/base/CApplication.php(180): CWebApplication->processRequest()
#4 /Applications/XAMPP/xamppfiles/htdocs/HospitalWeb/index.php(13): CApplication->run()
#5 {main}
REQUEST_URI=/HospitalWeb/api/info/getbytype%3Fhospital_id%3D1%26info_type_id%3D3%26order%3Ddate_create%20DESC
---
2014/06/11 11:50:55 [error] [exception.CHttpException.404] exception 'CHttpException' with message 'The system is unable to find the requested action "getbytype?hospital_id=1&info_type_id=1&order=date_create desc".' in /Applications/XAMPP/xamppfiles/htdocs/yii/framework/web/CController.php:483
Stack trace:
#0 /Applications/XAMPP/xamppfiles/htdocs/yii/framework/web/CController.php(270): CController->missingAction('getbytype?hospi...')
#1 /Applications/XAMPP/xamppfiles/htdocs/yii/framework/web/CWebApplication.php(282): CController->run('getbytype?hospi...')
#2 /Applications/XAMPP/xamppfiles/htdocs/yii/framework/web/CWebApplication.php(141): CWebApplication->runController('api/info/getbyt...')
#3 /Applications/XAMPP/xamppfiles/htdocs/yii/framework/base/CApplication.php(180): CWebApplication->processRequest()
#4 /Applications/XAMPP/xamppfiles/htdocs/HospitalWeb/index.php(13): CApplication->run()
#5 {main}
REQUEST_URI=/HospitalWeb/api/info/getbytype%3Fhospital_id%3D1%26info_type_id%3D1%26order%3Ddate_create%20DESC
---
2014/06/11 11:53:49 [error] [exception.CHttpException.404] exception 'CHttpException' with message 'The system is unable to find the requested action "getbytype?hospital_id=1&info_type_id=3".' in /Applications/XAMPP/xamppfiles/htdocs/yii/framework/web/CController.php:483
Stack trace:
#0 /Applications/XAMPP/xamppfiles/htdocs/yii/framework/web/CController.php(270): CController->missingAction('getbytype?hospi...')
#1 /Applications/XAMPP/xamppfiles/htdocs/yii/framework/web/CWebApplication.php(282): CController->run('getbytype?hospi...')
#2 /Applications/XAMPP/xamppfiles/htdocs/yii/framework/web/CWebApplication.php(141): CWebApplication->runController('api/info/getbyt...')
#3 /Applications/XAMPP/xamppfiles/htdocs/yii/framework/base/CApplication.php(180): CWebApplication->processRequest()
#4 /Applications/XAMPP/xamppfiles/htdocs/HospitalWeb/index.php(13): CApplication->run()
#5 {main}
REQUEST_URI=/HospitalWeb/api/info/getbytype%3Fhospital_id%3D1%26info_type_id%3D3
---
2014/06/11 11:53:53 [error] [exception.CHttpException.404] exception 'CHttpException' with message 'The system is unable to find the requested action "getbytype?hospital_id=1&info_type_id=1".' in /Applications/XAMPP/xamppfiles/htdocs/yii/framework/web/CController.php:483
Stack trace:
#0 /Applications/XAMPP/xamppfiles/htdocs/yii/framework/web/CController.php(270): CController->missingAction('getbytype?hospi...')
#1 /Applications/XAMPP/xamppfiles/htdocs/yii/framework/web/CWebApplication.php(282): CController->run('getbytype?hospi...')
#2 /Applications/XAMPP/xamppfiles/htdocs/yii/framework/web/CWebApplication.php(141): CWebApplication->runController('api/info/getbyt...')
#3 /Applications/XAMPP/xamppfiles/htdocs/yii/framework/base/CApplication.php(180): CWebApplication->processRequest()
#4 /Applications/XAMPP/xamppfiles/htdocs/HospitalWeb/index.php(13): CApplication->run()
#5 {main}
REQUEST_URI=/HospitalWeb/api/info/getbytype%3Fhospital_id%3D1%26info_type_id%3D1
---
2014/06/11 11:53:55 [error] [exception.CHttpException.404] exception 'CHttpException' with message 'The system is unable to find the requested action "getbytype?hospital_id=1&info_type_id=1".' in /Applications/XAMPP/xamppfiles/htdocs/yii/framework/web/CController.php:483
Stack trace:
#0 /Applications/XAMPP/xamppfiles/htdocs/yii/framework/web/CController.php(270): CController->missingAction('getbytype?hospi...')
#1 /Applications/XAMPP/xamppfiles/htdocs/yii/framework/web/CWebApplication.php(282): CController->run('getbytype?hospi...')
#2 /Applications/XAMPP/xamppfiles/htdocs/yii/framework/web/CWebApplication.php(141): CWebApplication->runController('api/info/getbyt...')
#3 /Applications/XAMPP/xamppfiles/htdocs/yii/framework/base/CApplication.php(180): CWebApplication->processRequest()
#4 /Applications/XAMPP/xamppfiles/htdocs/HospitalWeb/index.php(13): CApplication->run()
#5 {main}
REQUEST_URI=/HospitalWeb/api/info/getbytype%3Fhospital_id%3D1%26info_type_id%3D1
---
2014/06/11 11:59:30 [error] [exception.CHttpException.404] exception 'CHttpException' with message 'The system is unable to find the requested action "getbytype?hospital_id=1&info_type_id=3".' in /Applications/XAMPP/xamppfiles/htdocs/yii/framework/web/CController.php:483
Stack trace:
#0 /Applications/XAMPP/xamppfiles/htdocs/yii/framework/web/CController.php(270): CController->missingAction('getbytype?hospi...')
#1 /Applications/XAMPP/xamppfiles/htdocs/yii/framework/web/CWebApplication.php(282): CController->run('getbytype?hospi...')
#2 /Applications/XAMPP/xamppfiles/htdocs/yii/framework/web/CWebApplication.php(141): CWebApplication->runController('api/info/getbyt...')
#3 /Applications/XAMPP/xamppfiles/htdocs/yii/framework/base/CApplication.php(180): CWebApplication->processRequest()
#4 /Applications/XAMPP/xamppfiles/htdocs/HospitalWeb/index.php(13): CApplication->run()
#5 {main}
REQUEST_URI=/HospitalWeb/api/info/getbytype%3Fhospital_id%3D1%26info_type_id%3D3
---
2014/06/11 11:59:48 [error] [exception.CHttpException.404] exception 'CHttpException' with message 'The system is unable to find the requested action "getbytype?hospital_id=1&info_type_id=1".' in /Applications/XAMPP/xamppfiles/htdocs/yii/framework/web/CController.php:483
Stack trace:
#0 /Applications/XAMPP/xamppfiles/htdocs/yii/framework/web/CController.php(270): CController->missingAction('getbytype?hospi...')
#1 /Applications/XAMPP/xamppfiles/htdocs/yii/framework/web/CWebApplication.php(282): CController->run('getbytype?hospi...')
#2 /Applications/XAMPP/xamppfiles/htdocs/yii/framework/web/CWebApplication.php(141): CWebApplication->runController('api/info/getbyt...')
#3 /Applications/XAMPP/xamppfiles/htdocs/yii/framework/base/CApplication.php(180): CWebApplication->processRequest()
#4 /Applications/XAMPP/xamppfiles/htdocs/HospitalWeb/index.php(13): CApplication->run()
#5 {main}
REQUEST_URI=/HospitalWeb/api/info/getbytype%3Fhospital_id%3D1%26info_type_id%3D1
---
